TN:
SF:/home/andy/WebstormProjects/my-perx/apps/feature-demo/src/polyfills.ts
FNF:0
FNH:0
LF:0
LH:0
BRF:0
BRH:0
end_of_record
TN:
SF:/home/andy/WebstormProjects/my-perx/apps/feature-demo/src/test.ts
FNF:0
FNH:0
DA:14,1
DA:17,1
DA:22,1
DA:24,1
LF:4
LH:4
BRF:0
BRH:0
end_of_record
TN:
SF:/home/andy/WebstormProjects/my-perx/apps/feature-demo/src/app/app.component.ts
FN:35,(anonymous_0)
FN:39,AppComponent
FN:50,(anonymous_2)
FN:51,(anonymous_3)
FN:53,(anonymous_4)
FN:57,(anonymous_5)
FN:58,(anonymous_6)
FN:60,(anonymous_7)
FN:66,(anonymous_8)
FN:69,(anonymous_9)
FN:74,(anonymous_10)
FN:77,(anonymous_11)
FN:87,(anonymous_12)
FNF:13
FNH:10
FNDA:1,(anonymous_0)
FNDA:4,AppComponent
FNDA:3,(anonymous_2)
FNDA:1,(anonymous_3)
FNDA:0,(anonymous_4)
FNDA:3,(anonymous_5)
FNDA:3,(anonymous_6)
FNDA:3,(anonymous_7)
FNDA:3,(anonymous_8)
FNDA:1,(anonymous_9)
FNDA:3,(anonymous_10)
FNDA:0,(anonymous_11)
FNDA:0,(anonymous_12)
DA:35,1
DA:36,4
DA:37,4
DA:40,4
DA:41,4
DA:42,4
DA:43,4
DA:44,4
DA:45,4
DA:46,4
DA:47,4
DA:50,3
DA:51,3
DA:53,3
DA:55,3
DA:57,3
DA:58,3
DA:61,3
DA:62,3
DA:66,3
DA:67,3
DA:70,1
DA:71,1
DA:77,1
DA:78,0
DA:79,0
DA:80,0
DA:81,0
DA:83,0
DA:87,1
DA:88,0
DA:89,0
DA:91,0
DA:92,0
DA:95,0
DA:96,0
DA:97,0
DA:99,1
LF:38
LH:26
BRDA:78,0,0,0
BRDA:78,0,1,0
BRDA:80,1,0,0
BRDA:80,1,1,0
BRDA:89,2,0,0
BRDA:89,2,1,0
BRDA:91,3,0,0
BRDA:91,3,1,0
BRF:8
BRH:0
end_of_record
TN:
SF:/home/andy/WebstormProjects/my-perx/apps/feature-demo/src/app/catalogs.mock.ts
FNF:0
FNH:0
DA:3,1
LF:1
LH:1
BRF:0
BRH:0
end_of_record
TN:
SF:/home/andy/WebstormProjects/my-perx/apps/feature-demo/src/app/category.mock.ts
FNF:0
FNH:0
DA:3,1
LF:1
LH:1
BRF:0
BRH:0
end_of_record
TN:
SF:/home/andy/WebstormProjects/my-perx/apps/feature-demo/src/app/game.mock.ts
FNF:0
FNH:0
DA:3,1
LF:1
LH:1
BRF:0
BRH:0
end_of_record
TN:
SF:/home/andy/WebstormProjects/my-perx/apps/feature-demo/src/app/loyalty.mock.ts
FNF:0
FNH:0
DA:3,1
LF:1
LH:1
BRF:0
BRH:0
end_of_record
TN:
SF:/home/andy/WebstormProjects/my-perx/apps/feature-demo/src/app/rewards.mock.ts
FNF:0
FNH:0
DA:4,1
LF:1
LH:1
BRF:0
BRH:0
end_of_record
TN:
SF:/home/andy/WebstormProjects/my-perx/apps/feature-demo/src/app/vouchers.mock.ts
FNF:0
FNH:0
DA:3,1
LF:1
LH:1
BRF:0
BRH:0
end_of_record
TN:
SF:/home/andy/WebstormProjects/my-perx/apps/feature-demo/src/app/category/category.component.ts
FN:18,(anonymous_0)
FN:26,CategoryComponent
FN:36,(anonymous_2)
FN:44,(anonymous_3)
FN:50,(anonymous_4)
FN:55,(anonymous_5)
FN:56,(anonymous_6)
FN:65,(anonymous_7)
FN:74,(anonymous_8)
FN:78,(anonymous_9)
FN:82,(anonymous_10)
FN:88,(anonymous_11)
FN:93,(anonymous_12)
FN:97,(anonymous_13)
FN:103,(anonymous_14)
FN:107,(anonymous_15)
FNF:16
FNH:9
FNDA:1,(anonymous_0)
FNDA:10,CategoryComponent
FNDA:10,(anonymous_2)
FNDA:0,(anonymous_3)
FNDA:0,(anonymous_4)
FNDA:0,(anonymous_5)
FNDA:0,(anonymous_6)
FNDA:11,(anonymous_7)
FNDA:1,(anonymous_8)
FNDA:0,(anonymous_9)
FNDA:0,(anonymous_10)
FNDA:1,(anonymous_11)
FNDA:1,(anonymous_12)
FNDA:0,(anonymous_13)
FNDA:1,(anonymous_14)
FNDA:1,(anonymous_15)
DA:18,1
DA:23,10
DA:24,10
DA:27,10
DA:28,10
DA:29,10
DA:30,10
DA:31,10
DA:32,10
DA:33,10
DA:36,10
DA:37,10
DA:38,10
DA:39,10
DA:40,10
DA:42,0
DA:43,0
DA:45,0
DA:46,0
DA:50,10
DA:51,0
DA:55,1
DA:56,0
DA:57,0
DA:58,0
DA:60,0
DA:65,1
DA:66,11
DA:67,10
DA:68,10
DA:71,1
DA:74,1
DA:75,1
DA:78,1
DA:79,0
DA:82,1
DA:83,0
DA:88,1
DA:89,1
DA:90,1
DA:93,1
DA:94,1
DA:97,1
DA:98,0
DA:103,1
DA:104,1
DA:107,1
DA:108,1
DA:110,1
LF:49
LH:37
BRDA:38,0,0,10
BRDA:38,0,1,0
BRDA:57,1,0,0
BRDA:57,1,1,0
BRDA:66,2,0,10
BRDA:66,2,1,1
BRDA:94,3,0,1
BRDA:94,3,1,0
BRF:8
BRH:4
end_of_record
TN:
SF:/home/andy/WebstormProjects/my-perx/apps/feature-demo/src/app/category/category.model.ts
FN:1,(anonymous_0)
FN:6,(anonymous_1)
FNF:2
FNH:2
FNDA:1,(anonymous_0)
FNDA:1,(anonymous_1)
DA:1,1
DA:2,1
DA:3,1
DA:6,1
DA:7,1
DA:8,1
LF:6
LH:6
BRDA:1,0,0,1
BRDA:1,0,1,1
BRDA:6,1,0,1
BRDA:6,1,1,1
BRF:4
BRH:4
end_of_record
TN:
SF:/home/andy/WebstormProjects/my-perx/apps/feature-demo/src/app/category/rewards-sort.pipe.ts
FN:9,(anonymous_0)
FN:11,(anonymous_2)
FN:13,(anonymous_3)
FN:13,(anonymous_4)
FNF:4
FNH:4
FNDA:14,(anonymous_0)
FNDA:12,(anonymous_2)
FNDA:12,(anonymous_3)
FNDA:26,(anonymous_4)
DA:9,1
DA:11,1
DA:12,12
DA:13,12
DA:15,26
DA:16,2
DA:17,2
DA:18,2
DA:20,24
DA:21,24
DA:22,24
DA:23,24
DA:28,1
LF:13
LH:13
BRDA:15,0,0,2
BRDA:15,0,1,24
BRDA:20,1,0,24
BRDA:20,1,1,0
BRF:4
BRH:3
end_of_record
TN:
SF:/home/andy/WebstormProjects/my-perx/apps/feature-demo/src/app/category/category-select/category-select.component.ts
FN:17,(anonymous_0)
FN:21,CategorySelectComponent
FN:31,(anonymous_2)
FN:39,(anonymous_3)
FN:43,(anonymous_4)
FNF:5
FNH:5
FNDA:1,(anonymous_0)
FNDA:4,CategorySelectComponent
FNDA:1,(anonymous_2)
FNDA:1,(anonymous_3)
FNDA:1,(anonymous_4)
DA:17,1
DA:22,4
DA:23,4
DA:25,4
DA:26,4
DA:27,4
DA:31,1
DA:32,1
DA:33,1
DA:35,1
DA:36,1
DA:39,1
DA:40,1
DA:43,1
DA:44,1
DA:45,1
DA:47,1
LF:17
LH:17
BRDA:26,0,0,4
BRDA:26,0,1,0
BRDA:32,1,0,1
BRDA:32,1,1,0
BRF:4
BRH:2
end_of_record
TN:
SF:/home/andy/WebstormProjects/my-perx/apps/feature-demo/src/app/category/category-sort/category-sort.component.ts
FN:16,(anonymous_0)
FN:20,CategorySortComponent
FN:29,(anonymous_2)
FN:37,(anonymous_3)
FN:42,(anonymous_4)
FNF:5
FNH:5
FNDA:1,(anonymous_0)
FNDA:4,CategorySortComponent
FNDA:1,(anonymous_2)
FNDA:1,(anonymous_3)
FNDA:1,(anonymous_4)
DA:16,1
DA:17,4
DA:21,4
DA:22,4
DA:24,4
DA:25,4
DA:29,1
DA:30,1
DA:31,1
DA:33,1
DA:34,1
DA:37,1
DA:38,1
DA:39,1
DA:42,1
DA:43,1
DA:46,1
LF:17
LH:17
BRDA:24,0,0,4
BRDA:24,0,1,0
BRDA:30,1,0,1
BRDA:30,1,1,0
BRF:4
BRH:2
end_of_record
TN:
SF:/home/andy/WebstormProjects/my-perx/apps/feature-demo/src/app/congrats/congrats.component.ts
FN:11,(anonymous_0)
FN:14,CongratsComponent
FN:19,(anonymous_2)
FN:23,(anonymous_3)
FNF:4
FNH:3
FNDA:1,(anonymous_0)
FNDA:1,CongratsComponent
FNDA:1,(anonymous_2)
FNDA:0,(anonymous_3)
DA:11,1
DA:15,1
DA:16,1
DA:19,1
DA:20,1
DA:23,1
DA:24,0
DA:25,0
DA:27,1
LF:9
LH:7
BRF:0
BRH:0
end_of_record
TN:
SF:/home/andy/WebstormProjects/my-perx/apps/feature-demo/src/app/congrats/game-outcome/game-outcome.service.ts
FN:7,(anonymous_0)
FN:10,(anonymous_2)
FN:14,(anonymous_3)
FN:18,(anonymous_4)
FNF:4
FNH:1
FNDA:8,(anonymous_0)
FNDA:0,(anonymous_2)
FNDA:0,(anonymous_3)
FNDA:0,(anonymous_4)
DA:7,1
DA:10,1
DA:11,0
DA:14,1
DA:15,0
DA:18,1
DA:19,0
DA:21,1
LF:8
LH:5
BRF:0
BRH:0
end_of_record
TN:
SF:/home/andy/WebstormProjects/my-perx/apps/feature-demo/src/app/error/error.component.ts
FN:7,(anonymous_0)
FNF:1
FNH:1
FNDA:2,(anonymous_0)
DA:7,1
DA:8,1
LF:2
LH:2
BRF:0
BRH:0
end_of_record
TN:
SF:/home/andy/WebstormProjects/my-perx/apps/feature-demo/src/app/game/game.component.ts
FN:13,(anonymous_0)
FN:26,GameComponent
FN:35,(anonymous_2)
FN:38,(anonymous_3)
FN:39,(anonymous_4)
FN:40,(anonymous_5)
FN:43,(anonymous_6)
FN:70,(anonymous_7)
FN:81,(anonymous_8)
FN:95,(anonymous_9)
FN:99,(anonymous_10)
FN:103,(anonymous_11)
FN:106,(anonymous_12)
FN:114,(anonymous_13)
FN:118,(anonymous_14)
FNF:15
FNH:10
FNDA:1,(anonymous_0)
FNDA:6,GameComponent
FNDA:7,(anonymous_2)
FNDA:7,(anonymous_3)
FNDA:7,(anonymous_4)
FNDA:7,(anonymous_5)
FNDA:1,(anonymous_6)
FNDA:0,(anonymous_7)
FNDA:2,(anonymous_8)
FNDA:1,(anonymous_9)
FNDA:1,(anonymous_10)
FNDA:0,(anonymous_11)
FNDA:0,(anonymous_12)
FNDA:0,(anonymous_13)
FNDA:0,(anonymous_14)
DA:13,1
DA:14,6
DA:19,6
DA:20,6
DA:22,6
DA:23,6
DA:24,6
DA:27,6
DA:28,6
DA:29,6
DA:30,6
DA:31,6
DA:32,6
DA:35,7
DA:36,7
DA:38,7
DA:39,7
DA:40,7
DA:44,1
DA:45,1
DA:46,1
DA:47,1
DA:48,1
DA:49,1
DA:50,1
DA:52,1
DA:53,0
DA:56,1
DA:57,1
DA:60,1
DA:61,0
DA:62,0
DA:71,0
DA:72,0
DA:73,0
DA:81,1
DA:82,2
DA:83,1
DA:91,1
DA:95,1
DA:96,1
DA:99,1
DA:101,1
DA:103,0
DA:107,0
DA:108,0
DA:110,0
DA:111,0
DA:114,0
DA:118,1
DA:119,0
DA:126,1
LF:52
LH:39
BRDA:45,0,0,1
BRDA:45,0,1,1
BRDA:46,1,0,1
BRDA:46,1,1,1
BRDA:47,2,0,1
BRDA:47,2,1,1
BRDA:52,3,0,0
BRDA:52,3,1,1
BRDA:53,4,0,0
BRDA:53,4,1,0
BRDA:56,5,0,1
BRDA:56,5,1,0
BRDA:57,6,0,1
BRDA:57,6,1,1
BRDA:60,7,0,0
BRDA:60,7,1,1
BRDA:82,8,0,1
BRDA:82,8,1,1
BRDA:107,9,0,0
BRDA:107,9,1,0
BRF:20
BRH:13
end_of_record
TN:
SF:/home/andy/WebstormProjects/my-perx/apps/feature-demo/src/app/home/no-renewale-in-name.pipe.ts
FN:4,(anonymous_0)
FN:5,(anonymous_2)
FNF:2
FNH:2
FNDA:10,(anonymous_0)
FNDA:5,(anonymous_2)
DA:4,1
DA:5,1
DA:6,5
DA:7,1
DA:9,4
DA:11,1
LF:6
LH:6
BRDA:6,0,0,1
BRDA:6,0,1,4
BRDA:9,1,0,1
BRDA:9,1,1,3
BRF:4
BRH:4
end_of_record
TN:
SF:/home/andy/WebstormProjects/my-perx/apps/feature-demo/src/app/home/campaigns/campaigns.component.ts
FN:11,(anonymous_0)
FN:18,CampaignsComponent
FN:23,(anonymous_2)
FN:26,(anonymous_3)
FN:26,(anonymous_4)
FN:27,(anonymous_5)
FN:29,(anonymous_6)
FN:29,(anonymous_7)
FN:31,(anonymous_8)
FN:33,(anonymous_9)
FN:36,(anonymous_10)
FN:37,(anonymous_11)
FN:43,(anonymous_12)
FN:44,(anonymous_13)
FNF:14
FNH:10
FNDA:1,(anonymous_0)
FNDA:8,CampaignsComponent
FNDA:9,(anonymous_2)
FNDA:9,(anonymous_3)
FNDA:2,(anonymous_4)
FNDA:9,(anonymous_5)
FNDA:9,(anonymous_6)
FNDA:1,(anonymous_7)
FNDA:0,(anonymous_8)
FNDA:0,(anonymous_9)
FNDA:0,(anonymous_10)
FNDA:0,(anonymous_11)
FNDA:1,(anonymous_12)
FNDA:1,(anonymous_13)
DA:11,1
DA:16,8
DA:19,8
DA:20,8
DA:23,9
DA:25,9
DA:26,9
DA:27,9
DA:29,9
DA:31,0
DA:34,0
DA:35,0
DA:37,0
DA:43,1
DA:44,1
DA:46,1
DA:47,1
DA:51,1
LF:18
LH:14
BRDA:46,0,0,1
BRDA:46,0,1,0
BRF:2
BRH:1
end_of_record
TN:
SF:/home/andy/WebstormProjects/my-perx/apps/feature-demo/src/app/home/catalogs/catalogs.component.ts
FN:10,(anonymous_0)
FN:16,CatalogsComponent
FN:20,(anonymous_2)
FNF:3
FNH:3
FNDA:1,(anonymous_0)
FNDA:8,CatalogsComponent
FNDA:1,(anonymous_2)
DA:10,1
DA:14,8
DA:16,8
DA:17,8
DA:20,1
DA:21,1
DA:23,1
LF:7
LH:7
BRF:0
BRH:0
end_of_record
TN:
SF:/home/andy/WebstormProjects/my-perx/apps/feature-demo/src/app/home/categories/categories.component.ts
FN:14,(anonymous_0)
FN:20,CategoriesComponent
FN:26,(anonymous_2)
FN:31,(anonymous_3)
FN:33,(anonymous_4)
FN:44,(anonymous_5)
FN:46,(anonymous_6)
FN:49,(anonymous_7)
FN:58,(anonymous_8)
FNF:9
FNH:9
FNDA:1,(anonymous_0)
FNDA:7,CategoriesComponent
FNDA:7,(anonymous_2)
FNDA:7,(anonymous_3)
FNDA:28,(anonymous_4)
FNDA:7,(anonymous_5)
FNDA:28,(anonymous_6)
FNDA:28,(anonymous_7)
FNDA:1,(anonymous_8)
DA:14,1
DA:17,7
DA:18,7
DA:21,7
DA:22,7
DA:23,7
DA:26,1
DA:27,7
DA:28,7
DA:31,7
DA:32,7
DA:34,28
DA:44,7
DA:45,7
DA:47,28
DA:48,28
DA:50,28
DA:51,28
DA:58,1
DA:59,1
DA:61,1
LF:21
LH:21
BRDA:47,0,0,7
BRDA:47,0,1,21
BRF:2
BRH:2
end_of_record
TN:
SF:/home/andy/WebstormProjects/my-perx/apps/feature-demo/src/app/home/discover/discover.component.ts
FN:13,(anonymous_0)
FN:18,DiscoverComponent
FN:22,(anonymous_2)
FN:26,(anonymous_3)
FN:28,(anonymous_4)
FN:35,(anonymous_5)
FN:39,(anonymous_6)
FN:43,(anonymous_7)
FN:47,(anonymous_8)
FNF:9
FNH:9
FNDA:1,(anonymous_0)
FNDA:5,DiscoverComponent
FNDA:5,(anonymous_2)
FNDA:5,(anonymous_3)
FNDA:5,(anonymous_4)
FNDA:1,(anonymous_5)
FNDA:1,(anonymous_6)
FNDA:1,(anonymous_7)
FNDA:1,(anonymous_8)
DA:13,1
DA:18,5
DA:19,5
DA:22,5
DA:23,5
DA:26,5
DA:28,5
DA:29,5
DA:30,5
DA:35,1
DA:36,1
DA:39,1
DA:40,1
DA:43,1
DA:44,1
DA:47,1
DA:48,1
DA:50,1
LF:18
LH:18
BRDA:26,0,0,5
BRDA:26,0,1,5
BRDA:26,0,2,0
BRF:3
BRH:2
end_of_record
TN:
SF:/home/andy/WebstormProjects/my-perx/apps/feature-demo/src/app/home/home/home.component.ts
FN:11,(anonymous_0)
FN:15,HomeComponent
FN:21,(anonymous_2)
FN:22,(anonymous_3)
FN:23,(anonymous_4)
FN:26,(anonymous_5)
FNF:6
FNH:6
FNDA:1,(anonymous_0)
FNDA:7,HomeComponent
FNDA:9,(anonymous_2)
FNDA:1,(anonymous_3)
FNDA:1,(anonymous_4)
FNDA:4,(anonymous_5)
DA:11,1
DA:16,7
DA:17,7
DA:18,7
DA:21,9
DA:22,9
DA:23,9
DA:26,1
DA:27,4
DA:29,4
DA:31,1
DA:34,1
DA:38,2
DA:42,1
LF:14
LH:14
BRDA:27,0,0,3
BRDA:27,0,1,1
BRDA:30,1,0,1
BRDA:30,1,1,1
BRDA:30,1,2,1
BRDA:30,1,3,2
BRF:6
BRH:6
end_of_record
TN:
SF:/home/andy/WebstormProjects/my-perx/apps/feature-demo/src/app/home/news-feed/news-feed.component.ts
FN:11,(anonymous_0)
FN:17,NewsFeedComponent
FN:22,(anonymous_2)
FN:24,(anonymous_3)
FN:28,(anonymous_4)
FN:38,(anonymous_5)
FN:42,(anonymous_6)
FN:46,(anonymous_7)
FNF:8
FNH:7
FNDA:1,(anonymous_0)
FNDA:6,NewsFeedComponent
FNDA:7,(anonymous_2)
FNDA:7,(anonymous_3)
FNDA:8,(anonymous_4)
FNDA:1,(anonymous_5)
FNDA:1,(anonymous_6)
FNDA:0,(anonymous_7)
DA:11,1
DA:18,6
DA:19,6
DA:22,7
DA:23,7
DA:24,7
DA:25,7
DA:28,1
DA:29,8
DA:30,8
DA:31,3
DA:33,5
DA:38,1
DA:39,1
DA:42,1
DA:43,1
DA:46,1
DA:47,0
DA:48,0
DA:50,1
LF:20
LH:18
BRDA:30,0,0,3
BRDA:30,0,1,5
BRDA:30,1,0,8
BRDA:30,1,1,6
BRF:4
BRH:4
end_of_record
TN:
SF:/home/andy/WebstormProjects/my-perx/apps/feature-demo/src/app/home/news-feed/popup/popup.component.ts
FN:10,(anonymous_0)
FN:11,PopupComponent
FNF:2
FNH:2
FNDA:1,(anonymous_0)
FNDA:1,PopupComponent
DA:10,1
DA:12,1
DA:14,1
LF:3
LH:3
BRF:0
BRH:0
end_of_record
TN:
SF:/home/andy/WebstormProjects/my-perx/apps/feature-demo/src/app/home/rewards-cards/rewards-cards.component.ts
FN:12,(anonymous_0)
FN:18,RewardsCardsComponent
FN:24,(anonymous_2)
FN:27,(anonymous_3)
FN:27,(anonymous_4)
FN:35,(anonymous_5)
FN:39,(anonymous_6)
FNF:7
FNH:7
FNDA:1,(anonymous_0)
FNDA:9,RewardsCardsComponent
FNDA:10,(anonymous_2)
FNDA:5,(anonymous_3)
FNDA:10,(anonymous_4)
FNDA:31,(anonymous_5)
FNDA:1,(anonymous_6)
DA:12,1
DA:16,9
DA:19,9
DA:20,9
DA:24,1
DA:25,10
DA:27,5
DA:28,10
DA:29,10
DA:30,10
DA:35,1
DA:36,31
DA:39,1
DA:40,1
DA:42,1
LF:15
LH:15
BRDA:28,0,0,0
BRDA:28,0,1,10
BRDA:29,1,0,0
BRDA:29,1,1,10
BRF:4
BRH:2
end_of_record
TN:
SF:/home/andy/WebstormProjects/my-perx/apps/feature-demo/src/app/home/vouchers/vouchers.component.ts
FN:12,(anonymous_0)
FN:25,VouchersComponent
FN:27,(anonymous_2)
FN:30,(anonymous_3)
FN:31,(anonymous_4)
FN:34,(anonymous_5)
FN:41,(anonymous_6)
FN:41,(anonymous_7)
FN:42,(anonymous_8)
FN:42,(anonymous_9)
FN:46,(anonymous_10)
FN:54,(anonymous_11)
FN:58,(anonymous_12)
FN:62,(anonymous_13)
FN:73,(anonymous_14)
FN:78,(anonymous_15)
FN:83,(anonymous_16)
FNF:17
FNH:8
FNDA:1,(anonymous_0)
FNDA:5,VouchersComponent
FNDA:5,(anonymous_2)
FNDA:0,(anonymous_3)
FNDA:0,(anonymous_4)
FNDA:0,(anonymous_5)
FNDA:0,(anonymous_6)
FNDA:0,(anonymous_7)
FNDA:0,(anonymous_8)
FNDA:0,(anonymous_9)
FNDA:0,(anonymous_10)
FNDA:1,(anonymous_11)
FNDA:1,(anonymous_12)
FNDA:2,(anonymous_13)
FNDA:1,(anonymous_14)
FNDA:1,(anonymous_15)
FNDA:0,(anonymous_16)
DA:12,1
DA:18,5
DA:20,5
DA:23,5
DA:25,5
DA:27,5
DA:28,5
DA:29,5
DA:31,0
DA:35,0
DA:39,5
DA:41,0
DA:42,0
DA:46,1
DA:47,0
DA:48,0
DA:51,0
DA:54,1
DA:55,1
DA:58,1
DA:59,1
DA:62,1
DA:63,2
DA:65,0
DA:68,2
DA:69,2
DA:70,2
DA:73,1
DA:74,1
DA:75,1
DA:78,1
DA:79,1
DA:80,1
DA:83,1
DA:84,0
DA:85,0
DA:86,0
DA:88,1
LF:38
LH:27
BRDA:47,0,0,0
BRDA:47,0,1,0
BRDA:47,1,0,0
BRDA:47,1,1,0
BRDA:63,2,0,0
BRDA:63,2,1,2
BRDA:75,3,0,0
BRDA:75,3,1,1
BRDA:80,4,0,0
BRDA:80,4,1,1
BRF:10
BRH:3
end_of_record
TN:
SF:/home/andy/WebstormProjects/my-perx/apps/feature-demo/src/app/location-short-format/location-short-format.component.ts
FN:11,(anonymous_0)
FN:22,LocationShortFormatComponent
FN:26,(anonymous_2)
FN:34,(anonymous_3)
FNF:4
FNH:4
FNDA:1,(anonymous_0)
FNDA:2,LocationShortFormatComponent
FNDA:3,(anonymous_2)
FNDA:2,(anonymous_3)
DA:11,1
DA:18,1
DA:20,1
DA:23,2
DA:26,1
DA:27,3
DA:28,2
DA:31,1
DA:33,1
DA:34,2
DA:37,1
LF:11
LH:11
BRDA:27,0,0,2
BRDA:27,0,1,1
BRF:2
BRH:2
end_of_record
TN:
SF:/home/andy/WebstormProjects/my-perx/apps/feature-demo/src/app/locations/locations.component.ts
FN:13,(anonymous_0)
FN:16,LocationsComponent
FN:23,(anonymous_2)
FN:26,(anonymous_3)
FN:27,(anonymous_4)
FN:30,(anonymous_5)
FN:36,(anonymous_6)
FNF:7
FNH:7
FNDA:1,(anonymous_0)
FNDA:4,LocationsComponent
FNDA:6,(anonymous_2)
FNDA:3,(anonymous_3)
FNDA:1,(anonymous_4)
FNDA:1,(anonymous_5)
FNDA:1,(anonymous_6)
DA:13,1
DA:17,4
DA:18,4
DA:19,4
DA:23,6
DA:24,6
DA:26,3
DA:27,1
DA:31,1
DA:36,1
DA:37,1
DA:39,1
LF:12
LH:12
BRF:0
BRH:0
end_of_record
TN:
SF:/home/andy/WebstormProjects/my-perx/apps/feature-demo/src/app/redemption/redemption.component.ts
FN:19,(anonymous_0)
FN:30,RedemptionComponent
FN:39,(anonymous_2)
FN:42,(anonymous_3)
FN:43,(anonymous_4)
FN:44,(anonymous_5)
FN:47,(anonymous_6)
FN:52,(anonymous_7)
FN:56,(anonymous_8)
FN:60,(anonymous_9)
FN:63,(anonymous_10)
FN:64,(anonymous_11)
FN:71,(anonymous_12)
FN:76,(anonymous_13)
FN:80,(anonymous_14)
FN:84,(anonymous_15)
FN:89,(anonymous_16)
FNF:17
FNH:13
FNDA:1,(anonymous_0)
FNDA:8,RedemptionComponent
FNDA:10,(anonymous_2)
FNDA:2,(anonymous_3)
FNDA:1,(anonymous_4)
FNDA:1,(anonymous_5)
FNDA:1,(anonymous_6)
FNDA:1,(anonymous_7)
FNDA:1,(anonymous_8)
FNDA:1,(anonymous_9)
FNDA:1,(anonymous_10)
FNDA:0,(anonymous_11)
FNDA:0,(anonymous_12)
FNDA:1,(anonymous_13)
FNDA:1,(anonymous_14)
FNDA:0,(anonymous_15)
FNDA:0,(anonymous_16)
DA:19,1
DA:23,8
DA:24,8
DA:28,1
DA:31,8
DA:32,8
DA:33,8
DA:34,8
DA:35,8
DA:39,10
DA:40,10
DA:42,2
DA:43,1
DA:44,1
DA:47,10
DA:48,1
DA:52,1
DA:53,1
DA:56,1
DA:57,1
DA:60,1
DA:61,1
DA:63,1
DA:65,0
DA:66,0
DA:71,1
DA:72,0
DA:73,0
DA:76,1
DA:77,1
DA:80,1
DA:81,1
DA:84,1
DA:85,0
DA:86,0
DA:89,1
DA:90,0
DA:92,1
LF:38
LH:31
BRDA:42,0,0,1
BRDA:42,0,1,1
BRF:2
BRH:2
end_of_record
TN:
SF:/home/andy/WebstormProjects/my-perx/apps/feature-demo/src/app/reward/reward.component.ts
FN:14,(anonymous_0)
FN:18,RewardComponent
FN:27,(anonymous_2)
FN:30,(anonymous_3)
FN:31,(anonymous_4)
FN:32,(anonymous_5)
FN:35,(anonymous_6)
FN:43,(anonymous_7)
FN:47,(anonymous_8)
FN:50,(anonymous_9)
FN:51,(anonymous_10)
FN:55,(anonymous_11)
FNF:12
FNH:10
FNDA:1,(anonymous_0)
FNDA:7,RewardComponent
FNDA:9,(anonymous_2)
FNDA:23,(anonymous_3)
FNDA:23,(anonymous_4)
FNDA:23,(anonymous_5)
FNDA:2,(anonymous_6)
FNDA:1,(anonymous_7)
FNDA:1,(anonymous_8)
FNDA:0,(anonymous_9)
FNDA:0,(anonymous_10)
FNDA:2,(anonymous_11)
DA:14,1
DA:16,7
DA:19,7
DA:20,7
DA:21,7
DA:22,7
DA:23,7
DA:24,7
DA:27,9
DA:28,9
DA:30,23
DA:31,23
DA:32,23
DA:35,9
DA:37,2
DA:38,1
DA:43,1
DA:44,1
DA:47,1
DA:48,1
DA:50,0
DA:51,0
DA:55,1
DA:56,2
DA:58,1
LF:25
LH:23
BRDA:37,0,0,1
BRDA:37,0,1,1
BRDA:37,1,0,2
BRDA:37,1,1,1
BRDA:56,2,0,2
BRDA:56,2,1,1
BRF:6
BRH:6
end_of_record
TN:
SF:/home/andy/WebstormProjects/my-perx/apps/feature-demo/src/app/reward-popup/reward-popup.component.ts
FN:19,(anonymous_0)
FN:26,RewardPopupComponent
FN:47,(anonymous_2)
FN:53,(anonymous_3)
FN:59,(anonymous_4)
FN:63,(anonymous_5)
FNF:6
FNH:4
FNDA:1,(anonymous_0)
FNDA:3,RewardPopupComponent
FNDA:1,(anonymous_2)
FNDA:1,(anonymous_3)
FNDA:0,(anonymous_4)
FNDA:0,(anonymous_5)
DA:19,1
DA:21,3
DA:22,3
DA:23,3
DA:27,3
DA:28,3
DA:30,3
DA:31,0
DA:33,3
DA:34,0
DA:36,3
DA:37,0
DA:39,3
DA:40,0
DA:42,3
DA:43,0
DA:47,1
DA:48,1
DA:49,1
DA:53,1
DA:54,1
DA:55,1
DA:59,1
DA:60,0
DA:63,1
DA:64,0
DA:65,0
DA:66,0
DA:69,1
LF:29
LH:20
BRDA:30,0,0,0
BRDA:30,0,1,3
BRDA:33,1,0,0
BRDA:33,1,1,3
BRDA:36,2,0,0
BRDA:36,2,1,3
BRDA:39,3,0,0
BRDA:39,3,1,3
BRDA:42,4,0,0
BRDA:42,4,1,3
BRDA:48,5,0,1
BRDA:48,5,1,0
BRDA:54,6,0,1
BRDA:54,6,1,0
BRDA:65,7,0,0
BRDA:65,7,1,0
BRF:16
BRH:7
end_of_record
TN:
SF:/home/andy/WebstormProjects/my-perx/apps/feature-demo/src/app/reward/expire-timer/expire-timer.component.ts
FN:16,(anonymous_0)
FN:11,ExpireTimerComponent
FN:28,(anonymous_2)
FN:50,(anonymous_3)
FNF:4
FNH:4
FNDA:1,(anonymous_0)
FNDA:7,ExpireTimerComponent
FNDA:10,(anonymous_2)
FNDA:130,(anonymous_3)
DA:16,1
DA:20,1
DA:23,7
DA:26,7
DA:28,10
DA:30,10
DA:31,7
DA:34,3
DA:35,3
DA:36,3
DA:37,3
DA:38,3
DA:39,3
DA:41,3
DA:42,1
DA:43,1
DA:46,2
DA:47,1
DA:48,1
DA:51,130
DA:52,130
DA:53,130
DA:54,130
DA:55,130
DA:57,130
DA:58,0
DA:59,0
DA:61,130
DA:62,130
DA:73,1
LF:30
LH:28
BRDA:30,0,0,7
BRDA:30,0,1,3
BRDA:41,1,0,1
BRDA:41,1,1,2
BRDA:46,2,0,1
BRDA:46,2,1,1
BRDA:57,3,0,0
BRDA:57,3,1,130
BRF:8
BRH:7
end_of_record
TN:
SF:/home/andy/WebstormProjects/my-perx/apps/feature-demo/src/app/reward/reward-detail/reward-detail.component.ts
FN:11,(anonymous_0)
FN:36,RewardDetailComponent
FN:41,(anonymous_2)
FN:54,(anonymous_3)
FN:56,(anonymous_4)
FN:68,(anonymous_5)
FN:70,(anonymous_6)
FN:80,(anonymous_7)
FNF:8
FNH:7
FNDA:1,(anonymous_0)
FNDA:3,RewardDetailComponent
FNDA:5,(anonymous_2)
FNDA:1,(anonymous_3)
FNDA:1,(anonymous_4)
FNDA:1,(anonymous_5)
FNDA:1,(anonymous_6)
FNDA:0,(anonymous_7)
DA:11,1
DA:12,3
DA:16,3
DA:19,3
DA:22,1
DA:25,3
DA:28,3
DA:31,3
DA:34,3
DA:37,3
DA:38,3
DA:41,1
DA:42,5
DA:43,3
DA:45,2
DA:46,2
DA:47,0
DA:48,0
DA:51,2
DA:54,1
DA:55,1
DA:57,1
DA:58,1
DA:59,1
DA:60,1
DA:61,0
DA:63,1
DA:68,1
DA:69,1
DA:71,1
DA:72,1
DA:73,0
DA:75,1
DA:80,1
DA:81,0
DA:83,1
LF:36
LH:31
BRDA:42,0,0,3
BRDA:42,0,1,2
BRDA:46,1,0,0
BRDA:46,1,1,2
BRDA:60,2,0,0
BRDA:60,2,1,1
BRDA:72,3,0,0
BRDA:72,3,1,1
BRF:8
BRH:5
end_of_record
TN:
SF:/home/andy/WebstormProjects/my-perx/apps/feature-demo/src/app/services/macaron.service.ts
FN:14,(anonymous_0)
FN:16,(anonymous_2)
FNF:2
FNH:2
FNDA:23,(anonymous_0)
FNDA:34,(anonymous_2)
DA:14,1
DA:16,1
DA:17,34
DA:18,34
DA:20,34
DA:21,34
DA:22,10
DA:30,24
DA:31,24
DA:37,2
DA:40,24
DA:41,0
DA:48,24
DA:49,23
DA:57,1
DA:58,0
DA:66,1
DA:67,1
DA:68,1
DA:75,0
DA:76,0
DA:77,0
DA:83,0
DA:85,1
LF:24
LH:18
BRDA:21,0,0,10
BRDA:21,0,1,24
BRDA:21,1,0,34
BRDA:21,1,1,30
BRDA:31,2,0,2
BRDA:31,2,1,22
BRDA:31,3,0,24
BRDA:31,3,1,2
BRDA:31,3,2,2
BRDA:31,3,3,2
BRDA:31,3,4,2
BRDA:31,3,5,2
BRDA:40,4,0,0
BRDA:40,4,1,24
BRDA:40,5,0,24
BRDA:40,5,1,2
BRDA:48,6,0,23
BRDA:48,6,1,1
BRDA:48,7,0,24
BRDA:48,7,1,24
BRDA:57,8,0,0
BRDA:57,8,1,1
BRDA:57,9,0,1
BRDA:57,9,1,1
BRDA:67,10,0,1
BRDA:67,10,1,0
BRDA:67,11,0,1
BRDA:67,11,1,1
BRDA:76,12,0,0
BRDA:76,12,1,0
BRDA:76,13,0,0
BRDA:76,13,1,0
BRF:32
BRH:25
end_of_record
TN:
SF:/home/andy/WebstormProjects/my-perx/apps/feature-demo/src/app/tnc/tnc.component.ts
FN:9,(anonymous_0)
FN:10,TncComponent
FN:13,(anonymous_2)
FNF:3
FNH:3
FNDA:1,(anonymous_0)
FNDA:2,TncComponent
FNDA:1,(anonymous_2)
DA:9,1
DA:10,2
DA:13,1
DA:14,1
DA:16,1
LF:5
LH:5
BRF:0
BRH:0
end_of_record
TN:
SF:/home/andy/WebstormProjects/my-perx/apps/feature-demo/src/app/voucher/voucher.component.ts
FN:14,(anonymous_0)
FN:19,VoucherComponent
FN:26,(anonymous_2)
FN:29,(anonymous_3)
FN:30,(anonymous_4)
FN:31,(anonymous_5)
FN:32,(anonymous_6)
FN:43,(anonymous_7)
FN:47,(anonymous_8)
FNF:9
FNH:8
FNDA:1,(anonymous_0)
FNDA:4,VoucherComponent
FNDA:5,(anonymous_2)
FNDA:2,(anonymous_3)
FNDA:2,(anonymous_4)
FNDA:2,(anonymous_5)
FNDA:2,(anonymous_6)
FNDA:2,(anonymous_7)
FNDA:0,(anonymous_8)
DA:14,1
DA:17,4
DA:20,4
DA:21,4
DA:22,4
DA:23,4
DA:26,5
DA:27,5
DA:29,2
DA:30,2
DA:31,2
DA:33,2
DA:34,2
DA:35,0
DA:37,2
DA:43,1
DA:44,2
DA:47,1
DA:48,0
DA:50,1
LF:20
LH:18
BRDA:29,0,0,2
BRDA:29,0,1,0
BRDA:34,1,0,0
BRDA:34,1,1,2
BRF:4
BRH:2
end_of_record
